FILE: .\boot.asm                        (0001) ;  Generated by PSoC Designer 5.3.2710
                                        (0002) ;
                                        (0003) ;@Id: boot.tpl#903 @
                                        (0004) ;=============================================================================
                                        (0005) ;  FILENAME:   boot.asm
                                        (0006) ;  Version:    4.30
                                        (0007) ;
                                        (0008) ;  DESCRIPTION:
                                        (0009) ;  M8C Boot Code for CY8C29xxx microcontroller family.
                                        (0010) ;
                                        (0011) ;  Copyright (c) Cypress Semiconductor 2012. All Rights Reserved.
                                        (0012) ;
                                        (0013) ; NOTES:
                                        (0014) ; PSoC Designer's Device Editor uses a template file, BOOT.TPL, located in
                                        (0015) ; the project's root directory to create BOOT.ASM. Any changes made to
                                        (0016) ; BOOT.ASM will be  overwritten every time the project is generated; therefore
                                        (0017) ; changes should be made to BOOT.TPL not BOOT.ASM. Care must be taken when
                                        (0018) ; modifying BOOT.TPL so that replacement strings (such as @PROJECT_NAME)
                                        (0019) ; are not accidentally modified.
                                        (0020) ;
                                        (0021) ;=============================================================================
                                        (0022) 
                                        (0023) include ".\lib\GlobalParams.inc"	;File generated by PSoC Designer (Project dependent)
                                        (0024) include "m8c.inc"			;Part specific file
                                        (0025) include "m8ssc.inc"			;Part specific file
                                        (0026) include "memory.inc"			;File generated by PSoC Designer (Project dependent)
                                        (0027) 
                                        (0028) ;--------------------------------------
                                        (0029) ; Export Declarations
                                        (0030) ;--------------------------------------
                                        (0031) 
                                        (0032) export __Start
                                        (0033) IF	(TOOLCHAIN & HITECH)
                                        (0034) ELSE
                                        (0035) export __bss_start
                                        (0036) export __data_start
                                        (0037) export __idata_start
                                        (0038) export __func_lit_start
                                        (0039) export __text_start
                                        (0040) ENDIF
                                        (0041) export  _bGetPowerSetting
                                        (0042) export   bGetPowerSetting
                                        (0043) 
                                        (0044) 
                                        (0045) ;--------------------------------------
                                        (0046) ; Optimization flags
                                        (0047) ;--------------------------------------
                                        (0048) ;
                                        (0049) ; To change the value of these flags, modify the file boot.tpl, not
                                        (0050) ; boot.asm. See the notes in the banner comment at the beginning of
                                        (0051) ; this file.
                                        (0052) 
                                        (0053) ; Optimization for Assembly language (only) projects and C-language projects
                                        (0054) ; that do not depend on the C compiler to initialize the values of RAM variables.
                                        (0055) ;   Set to 1: Support for C Run-time Environment initialization
                                        (0056) ;   Set to 0: Support for C not included. Faster start up, smaller code space.
                                        (0057) ;
                                        (0058) IF	(TOOLCHAIN & HITECH)
                                        (0059) ; The C compiler will customize the startup code - it's not required here
                                        (0060) 
                                        (0061) C_LANGUAGE_SUPPORT:              equ 0
                                        (0062) ELSE
                                        (0063) C_LANGUAGE_SUPPORT:              equ 1
                                        (0064) ENDIF
                                        (0065) 
                                        (0066) 
                                        (0067) ; The following equate is required for proper operation. Reseting its value
                                        (0068) ; is discouraged.  WAIT_FOR_32K is effective only if the crystal oscillator is
                                        (0069) ; selected.  If the designer chooses to not wait then stabilization of the ECO
                                        (0070) ; and PLL_Lock must take place within user code. See the family data sheet for
                                        (0071) ; the requirements of starting the ECO and PLL lock mode.
                                        (0072) ;
                                        (0073) ;   Set to 1: Wait for XTAL (& PLL if selected) to stabilize before
                                        (0074) ;                invoking main
                                        (0075) ;   Set to 0: Boot code does not wait; clock may not have stabilized by
                                        (0076) ;               the time code in main starts executing.
                                        (0077) ;
                                        (0078) WAIT_FOR_32K:                    equ 1
                                        (0079) 
                                        (0080) 
                                        (0081) ; For historical reasons, by default the boot code uses an lcall instruction
                                        (0082) ; to invoke the user's _main code. If _main executes a return instruction,
                                        (0083) ; boot provides an infinite loop. By changing the following equate from zero
                                        (0084) ; to 1, boot's lcall will be replaced by a ljmp instruction, saving two
                                        (0085) ; bytes on the stack which are otherwise required for the return address. If
                                        (0086) ; this option is enabled, _main must not return. (Beginning with the 4.2
                                        (0087) ; release, the C compiler automatically places an infinite loop at the end
                                        (0088) ; of main, rather than a return instruction.)
                                        (0089) ;
                                        (0090) ENABLE_LJMP_TO_MAIN:             equ 0
                                        (0091) 
                                        (0092) 
                                        (0093) ;-----------------------------------------------------------------------------
                                        (0094) ; Interrupt Vector Table
                                        (0095) ;-----------------------------------------------------------------------------
                                        (0096) ;
                                        (0097) ; Interrupt vector table entries are 4 bytes long.  Each one contains
                                        (0098) ; a jump instruction to an ISR (Interrupt Service Routine), although
                                        (0099) ; very short ISRs could be encoded within the table itself. Normally,
                                        (0100) ; vector jump targets are modified automatically according to the user
                                        (0101) ; modules selected. This occurs when the 'Generate Application' opera-
                                        (0102) ; tion is run causing PSoC Designer to create boot.asm and the other
                                        (0103) ; configuration files. If you need to hard code a vector, update the
                                        (0104) ; file boot.tpl, not boot.asm. See the banner comment at the beginning
                                        (0105) ; of this file.
                                        (0106) ;-----------------------------------------------------------------------------
                                        (0107) 
                                        (0108)     AREA TOP (ROM, ABS, CON)
                                        (0109) 
                                        (0110)     org   0                        ;Reset Interrupt Vector
                                        (0111) IF	(TOOLCHAIN & HITECH)
                                        (0112) ;   jmp   __Start                  ;C compiler fills in this vector
                                        (0113) ELSE
0000: 80 67    JMP   0x0068             (0114)     jmp   __Start                  ;First instruction executed following a Reset
                                        (0115) ENDIF
                                        (0116)     ;@PSoC_BOOT_ISR_UserCode_START@
                                        (0117)     ;---------------------------------------------------
                                        (0118)     ; Insert your custom code below this banner
                                        (0119)     ;---------------------------------------------------
                                        (0120) 
                                        (0121)     org   04h                      ;Low Voltage Detect (LVD) Interrupt Vector
0004: 30       HALT                     (0122)     halt                           ;Stop execution if power falls too low
                                        (0123) 
                                        (0124)     org   08h                      ;Analog Column 0 Interrupt Vector
                                        (0125)     // call	void_handler
0008: 7E       RETI                     (0126)     reti
                                        (0127) 
                                        (0128)     org   0Ch                      ;Analog Column 1 Interrupt Vector
                                        (0129)     // call	void_handler
000C: 7E       RETI                     (0130)     reti
                                        (0131) 
                                        (0132)     org   10h                      ;Analog Column 2 Interrupt Vector
                                        (0133)     // call	void_handler
0010: 7E       RETI                     (0134)     reti
                                        (0135) 
                                        (0136)     org   14h                      ;Analog Column 3 Interrupt Vector
                                        (0137)     // call	void_handler
0014: 7E       RETI                     (0138)     reti
                                        (0139) 
                                        (0140)     org   18h                      ;VC3 Interrupt Vector
                                        (0141)     // call	void_handler
0018: 7E       RETI                     (0142)     reti
                                        (0143) 
                                        (0144)     org   1Ch                      ;GPIO Interrupt Vector
                                        (0145)     // call	void_handler
001C: 7E       RETI                     (0146)     reti
                                        (0147) 
                                        (0148)     org   20h                      ;PSoC Block DBB00 Interrupt Vector
                                        (0149)     // call	void_handler
0020: 7E       RETI                     (0150)     reti
                                        (0151) 
                                        (0152)     org   24h                      ;PSoC Block DBB01 Interrupt Vector
                                        (0153)     // call	void_handler
0024: 7E       RETI                     (0154)     reti
                                        (0155) 
                                        (0156)     org   28h                      ;PSoC Block DCB02 Interrupt Vector
                                        (0157)     // call	void_handler
0028: 7E       RETI                     (0158)     reti
                                        (0159) 
                                        (0160)     org   2Ch                      ;PSoC Block DCB03 Interrupt Vector
                                        (0161)     // call	void_handler
002C: 7E       RETI                     (0162)     reti
                                        (0163) 
                                        (0164)     org   30h                      ;PSoC Block DBB10 Interrupt Vector
                                        (0165)     // call	void_handler
0030: 7E       RETI                     (0166)     reti
                                        (0167) 
                                        (0168)     org   34h                      ;PSoC Block DBB11 Interrupt Vector
                                        (0169)     // call	void_handler
0034: 7E       RETI                     (0170)     reti
                                        (0171) 
                                        (0172)     org   38h                      ;PSoC Block DCB12 Interrupt Vector
                                        (0173)     // call	void_handler
0038: 7E       RETI                     (0174)     reti
                                        (0175) 
                                        (0176)     org   3Ch                      ;PSoC Block DCB13 Interrupt Vector
                                        (0177)     // call	void_handler
003C: 7E       RETI                     (0178)     reti
                                        (0179) 
                                        (0180)     org   40h                      ;PSoC Block DBB20 Interrupt Vector
                                        (0181)     // call	void_handler
0040: 7E       RETI                     (0182)     reti
                                        (0183) 
                                        (0184)     org   44h                      ;PSoC Block DBB21 Interrupt Vector
                                        (0185)     // call	void_handler
0044: 7E       RETI                     (0186)     reti
                                        (0187) 
                                        (0188)     org   48h                      ;PSoC Block DCB22 Interrupt Vector
                                        (0189)     // call	void_handler
0048: 7E       RETI                     (0190)     reti
                                        (0191) 
                                        (0192)     org   4Ch                      ;PSoC Block DCB23 Interrupt Vector
                                        (0193)     // call	void_handler
004C: 7E       RETI                     (0194)     reti
                                        (0195) 
                                        (0196)     org   50h                      ;PSoC Block DBB30 Interrupt Vector
                                        (0197)     // call	void_handler
0050: 7E       RETI                     (0198)     reti
                                        (0199) 
                                        (0200)     org   54h                      ;PSoC Block DBB31 Interrupt Vector
                                        (0201)     // call	void_handler
0054: 7E       RETI                     (0202)     reti
                                        (0203) 
                                        (0204)     org   58h                      ;PSoC Block DCB32 Interrupt Vector
                                        (0205)     // call	void_handler
0058: 7E       RETI                     (0206)     reti
                                        (0207) 
                                        (0208)     org   5Ch                      ;PSoC Block DCB33 Interrupt Vector
                                        (0209)     // call	void_handler
005C: 7E       RETI                     (0210)     reti
                                        (0211) 
                                        (0212)     org   60h                      ;PSoC I2C Interrupt Vector
                                        (0213)     // call	void_handler
0060: 7E       RETI                     (0214)     reti
                                        (0215) 
                                        (0216)     org   64h                      ;Sleep Timer Interrupt Vector
                                        (0217)     // call	void_handler
0064: 51 02    MOV   A,[bCount]         (0218) 	mov A,[_bCount]
0066: 78       DEC   A                  (0219) 	dec A
0067: 53 71    MOV   [bShadow+110],A    (0220) 	mov [_bCount],A
0069: 10       PUSH  X                  (0221)     reti
0068: 71 10    OR    F,0x10             
                                        (0222)     ;---------------------------------------------------
                                        (0223)     ; Insert your custom code above this banner
                                        (0224)     ;---------------------------------------------------
                                        (0225)     ;@PSoC_BOOT_ISR_UserCode_END@
                                        (0226) 
                                        (0227) ;-----------------------------------------------------------------------------
                                        (0228) ;  Start of Execution.
                                        (0229) ;-----------------------------------------------------------------------------
                                        (0230) ;  The Supervisory ROM SWBootReset function has already completed the
                                        (0231) ;  calibrate1 process, loading trim values for 5 volt operation.
                                        (0232) ;
                                        (0233) 
                                        (0234) IF	(TOOLCHAIN & HITECH)
                                        (0235)  	AREA PD_startup(CODE, REL, CON)
                                        (0236) ELSE
                                        (0237)     org 68h
                                        (0238) ENDIF
                                        (0239) __Start:
                                        (0240) 
                                        (0241)     ; initialize SMP values for voltage stabilization, if required,
                                        (0242)     ; leaving power-on reset (POR) level at the default (low) level, at
                                        (0243)     ; least for now. 
                                        (0244)     ;
                                        (0245)     M8C_SetBank1
006A: 62 FA 00 MOV   REG[0xFA],0x0      (0246)     mov reg[0FAh], 0				;Reset flash location
006D: 62 E3 87 MOV   REG[0xE3],0x87     (0247)     mov   reg[VLT_CR], SWITCH_MODE_PUMP_JUST | LVD_TBEN_JUST | TRIP_VOLTAGE_JUST
0070: 70 EF    AND   F,0xEF             
                                        (0248)     M8C_SetBank0
                                        (0249) 
                                        (0250)     ; %53%20%46%46% Apply Erratum 001-05137 workaround
0072: 50 20    MOV   A,0x20             (0251)     mov   A, 20h
0074: 28       ROMX                     (0252)     romx
0075: 50 40    MOV   A,0x40             (0253)     mov   A, 40h
0077: 28       ROMX                     (0254)     romx
0078: 50 60    MOV   A,0x60             (0255)     mov   A, 60h
007A: 28       ROMX                     (0256)     romx
007B: 62 E3 38 MOV   REG[0xE3],0x38     
                                        (0257)     ; %45%20%46%46% End workaround
                                        (0258) 
                                        (0259) M8C_ClearWDTAndSleep			   ; Clear WDT before enabling it.
                                        (0260) IF ( WATCHDOG_ENABLE )             ; WDT selected in Global Params
                                        (0261)     M8C_EnableWatchDog
                                        (0262) ENDIF
                                        (0263) 
                                        (0264) IF ( SELECT_32K )
                                        (0265)     or   reg[CPU_SCR1],  CPU_SCR1_ECO_ALLOWED  ; ECO will be used in this project
                                        (0266) ELSE
007E: 41 FE FB AND   REG[0xFE],0xFB     (0267)     and  reg[CPU_SCR1], ~CPU_SCR1_ECO_ALLOWED  ; Prevent ECO from being enabled
                                        (0268) ENDIF
                                        (0269) 
                                        (0270)     ;---------------------------
                                        (0271)     ; Set up the Temporary stack
                                        (0272)     ;---------------------------
                                        (0273)     ; A temporary stack is set up for the SSC instructions.
                                        (0274)     ; The real stack start will be assigned later.
                                        (0275)     ;
                                        (0276) _stack_start:          equ 80h
0081: 50 80    MOV   A,0x80             (0277)     mov   A, _stack_start          ; Set top of stack to end of used RAM
0083: 4E       SWAP  SP,A               (0278)     swap  SP, A                    ; This is only temporary if going to LMM
0084: 62 E3 38 MOV   REG[0xE3],0x38     
                                        (0279) 
                                        (0280)     ;-----------------------------------------------
                                        (0281)     ; Set Power-related Trim & the AGND Bypass bit.
                                        (0282)     ;-----------------------------------------------
                                        (0283) M8C_ClearWDTAndSleep ; Clear WDT before enabling it.
                                        (0284) 
                                        (0285) IF ( POWER_SETTING & POWER_SET_5V0)            ; *** 5.0 Volt operation   ***
                                        (0286)  IF ( POWER_SETTING & POWER_SET_SLOW_IMO)      ; *** 6MHZ Main Oscillator ***
                                        (0287)     or  reg[CPU_SCR1], CPU_SCR1_SLIMO
                                        (0288)     M8SSC_Set2TableTrims 2, SSCTBL2_TRIM_IMO_5V_6MHZ, 1, SSCTBL1_TRIM_BGR_5V, AGND_BYPASS_JUST
                                        (0289)  ELSE                                          ; *** 12MHZ Main Oscillator ***
                                        (0290)   IF ( AGND_BYPASS )
                                        (0291)     ;- - - - - - - - - - - - - - - - - - - - - - - - - - - - - - - - - - -
                                        (0292)     ; The 5V trim has already been set, but we need to update the AGNDBYP
                                        (0293)     ; bit in the write-only BDG_TR register. Recalculate the register
                                        (0294)     ; value using the proper trim values.
                                        (0295)     ;- - - - - - - - - - - - - - - - - - - - - - - - - - - - - - - - - - -
                                        (0296)     M8SSC_SetTableVoltageTrim 1, SSCTBL1_TRIM_BGR_5V, AGND_BYPASS_JUST
                                        (0297)   ENDIF
                                        (0298)  ENDIF
                                        (0299) ENDIF ; 5.0 V Operation
                                        (0300) 
                                        (0301) IF ( POWER_SETTING & POWER_SET_3V3)            ; *** 3.3 Volt operation   ***
                                        (0302)  IF ( POWER_SETTING & POWER_SET_SLOW_IMO)      ; *** 6MHZ Main Oscillator ***
                                        (0303)     or  reg[CPU_SCR1], CPU_SCR1_SLIMO
                                        (0304)     M8SSC_Set2TableTrims 2, SSCTBL2_TRIM_IMO_3V_6MHZ, 1, SSCTBL1_TRIM_BGR_3V, AGND_BYPASS_JUST
                                        (0305)  ELSE                                          ; *** 12MHZ Main Oscillator ***
                                        (0306)     M8SSC_SetTableTrims  1, SSCTBL1_TRIM_IMO_3V_24MHZ, SSCTBL1_TRIM_BGR_3V, AGND_BYPASS_JUST
                                        (0307)  ENDIF
                                        (0308) ENDIF ; 3.3 Volt Operation
                                        (0309) 
0087: 55 F8 00 MOV   [bShadow+245],0x0  (0310)     mov  [bSSC_KEY1],  0           ; Lock out Flash and Supervisiory operations
008A: 55 F9 00 MOV   [bShadow+246],0x0  (0311)     mov  [bSSC_KEYSP], 0
008D: 71 10    OR    F,0x10             
                                        (0312) 
                                        (0313)     ;---------------------------------------
                                        (0314)     ; Initialize Crystal Oscillator and PLL
                                        (0315)     ;---------------------------------------
                                        (0316) 
                                        (0317) IF ( SELECT_32K & WAIT_FOR_32K )
                                        (0318)     ; If the user has requested the External Crystal Oscillator (ECO) then turn it
                                        (0319)     ; on and wait for it to stabilize and the system to switch over to it. The PLL
                                        (0320)     ; is left off. Set the SleepTimer period is set to 1 sec to time the wait for
                                        (0321)     ; the ECO to stabilize.
                                        (0322)     ;
                                        (0323)     M8C_SetBank1
                                        (0324)     mov   reg[OSC_CR0], (SELECT_32K_JUST | OSC_CR0_SLEEP_1Hz | OSC_CR0_CPU_12MHz)
                                        (0325)     M8C_SetBank0
                                        (0326)     M8C_ClearWDTAndSleep                  ; Reset the sleep timer to get a full second
                                        (0327)     or    reg[INT_MSK0], INT_MSK0_SLEEP   ; Enable latching of SleepTimer interrupt
                                        (0328)     mov   reg[INT_VC],   0                ; Clear all pending interrupts
                                        (0329) .WaitFor1s:
                                        (0330)     tst   reg[INT_CLR0], INT_MSK0_SLEEP   ; Test the SleepTimer Interrupt Status
                                        (0331)     jz   .WaitFor1s                       ; Interrupt will latch but will not dispatch
                                        (0332)                                           ;   since interrupts are not globally enabled
                                        (0333) ELSE ; !( SELECT_32K & WAIT_FOR_32K )
                                        (0334)     ; Either no ECO, or waiting for stable clock is to be done in main
                                        (0335)     M8C_SetBank1
008F: 62 E0 0A MOV   REG[0xE0],0xA      (0336)     mov   reg[OSC_CR0], (SELECT_32K_JUST | PLL_MODE_JUST | SLEEP_TIMER_JUST | OSC_CR0_CPU_12MHz)
0092: 70 EF    AND   F,0xEF             
0094: 62 E3 38 MOV   REG[0xE3],0x38     
                                        (0337)     M8C_SetBank0
                                        (0338)     M8C_ClearWDTAndSleep           ; Reset the watch dog
                                        (0339) 
                                        (0340) ENDIF ;( SELECT_32K & WAIT_FOR_32K )
                                        (0341) 
                                        (0342) IF ( PLL_MODE )
                                        (0343)     ; Crystal is now fully operational (assuming WAIT_FOR_32K was enabled).
                                        (0344)     ; Now start up PLL if selected, and wait 16 msec for it to stabilize.
                                        (0345)     ;
                                        (0346)     M8C_SetBank1
                                        (0347)     mov   reg[OSC_CR0], (SELECT_32K_JUST | PLL_MODE_JUST | OSC_CR0_SLEEP_64Hz | OSC_CR0_CPU_3MHz)
                                        (0348)     M8C_SetBank0
                                        (0349)     M8C_ClearWDTAndSleep                  ; Reset the sleep timer to get full period
                                        (0350)     mov   reg[INT_VC], 0                  ; Clear all pending interrupts
                                        (0351) 
                                        (0352) .WaitFor16ms:
                                        (0353)     tst   reg[INT_CLR0],INT_MSK0_SLEEP    ; Test the SleepTimer Interrupt Status
                                        (0354)     jz   .WaitFor16ms
                                        (0355)     M8C_SetBank1                          ; continue boot at CPU Speed of SYSCLK/2
                                        (0356)     mov   reg[OSC_CR0], (SELECT_32K_JUST | PLL_MODE_JUST | OSC_CR0_SLEEP_64Hz | OSC_CR0_CPU_12MHz)
                                        (0357)     M8C_SetBank0
                                        (0358) 
                                        (0359) IF      ( WAIT_FOR_32K )
                                        (0360) ELSE ; !( WAIT_FOR_32K )
                                        (0361)     ; Option settings (PLL-Yes, ECO-No) are incompatible - force a syntax error
                                        (0362)     ERROR_PSoC Disabling WAIT_FOR_32K requires that the PLL_Lock must be enabled in user code.
                                        (0363) ENDIF ;(WAIT_FOR_32K)
                                        (0364) ENDIF ;(PLL_MODE)
                                        (0365) 
                                        (0366) 	;-------------------------------------------------------
                                        (0367)     ; Initialize Proper Drive Mode for External Clock Pin
                                        (0368)     ;-------------------------------------------------------
                                        (0369) 
                                        (0370)     ; Change EXTCLK pin from Hi-Z Analog (110b) drive mode to Hi-Z (010b) drive mode
                                        (0371) 
                                        (0372) IF (SYSCLK_SOURCE)
                                        (0373)     and reg[PRT1DM2],  ~0x10        ; Clear bit 4 of EXTCLK pin's DM2 register 
                                        (0374) ENDIF
                                        (0375)     ; EXTCLK pin is now in proper drive mode to input the external clock signal
                                        (0376) 
                                        (0377)     ;------------------------
                                        (0378)     ; Close CT leakage path.
                                        (0379)     ;------------------------
0097: 62 71 05 MOV   REG[0x71],0x5      (0380)     mov   reg[ACB00CR0], 05h
009A: 62 75 05 MOV   REG[0x75],0x5      (0381)     mov   reg[ACB01CR0], 05h
009D: 62 79 05 MOV   REG[0x79],0x5      (0382)     mov   reg[ACB02CR0], 05h
00A0: 62 7D 05 MOV   REG[0x7D],0x5      (0383)     mov   reg[ACB03CR0], 05h
00A3: 62 D1 07 MOV   REG[0xD1],0x7      
                                        (0384) 
                                        (0385) 
                                        (0386) IF	(TOOLCHAIN & HITECH)
                                        (0387)     ;---------------------------------------------
                                        (0388)     ; HI-TECH initialization: Enter the Large Memory Model, if applicable
                                        (0389)     ;---------------------------------------------
                                        (0390) 	global		__Lstackps
                                        (0391) 	mov     a,low __Lstackps
                                        (0392) 	swap    a,sp
                                        (0393) 
                                        (0394) IF ( SYSTEM_LARGE_MEMORY_MODEL )
                                        (0395)     RAM_SETPAGE_STK SYSTEM_STACK_PAGE      ; relocate stack page ...
                                        (0396)     RAM_SETPAGE_IDX2STK            ; initialize other page pointers
                                        (0397)     RAM_SETPAGE_CUR 0
                                        (0398)     RAM_SETPAGE_MVW 0
                                        (0399)     RAM_SETPAGE_MVR 0
                                        (0400)     IF ( SYSTEM_IDXPG_TRACKS_STK_PP ); Now enable paging:
                                        (0401)     or    F, FLAG_PGMODE_11b       ; LMM w/ IndexPage<==>StackPage
                                        (0402)     ELSE
                                        (0403)     or    F, FLAG_PGMODE_10b       ; LMM w/ independent IndexPage
                                        (0404)     ENDIF ;  SYSTEM_IDXPG_TRACKS_STK_PP
                                        (0405) ENDIF ;  SYSTEM_LARGE_MEMORY_MODEL
                                        (0406) ELSE
                                        (0407)     ;---------------------------------------------
                                        (0408)     ; ImageCraft Enter the Large Memory Model, if applicable
                                        (0409)     ;---------------------------------------------
                                        (0410) IF ( SYSTEM_LARGE_MEMORY_MODEL )
                                        (0411)     RAM_SETPAGE_STK SYSTEM_STACK_PAGE      ; relocate stack page ...
00A6: 50 00    MOV   A,0x0              (0412)     mov   A, SYSTEM_STACK_BASE_ADDR        ;   and offset, if any
00A8: 4E       SWAP  SP,A               (0413)     swap  A, SP
00A9: 62 D3 07 MOV   REG[0xD3],0x7      
00AC: 62 D0 00 MOV   REG[0xD0],0x0      
00AF: 62 D5 00 MOV   REG[0xD5],0x0      
00B2: 62 D4 00 MOV   REG[0xD4],0x0      
                                        (0414)     RAM_SETPAGE_IDX2STK            ; initialize other page pointers
                                        (0415)     RAM_SETPAGE_CUR 0
                                        (0416)     RAM_SETPAGE_MVW 0
                                        (0417)     RAM_SETPAGE_MVR 0
                                        (0418) 
                                        (0419)   IF ( SYSTEM_IDXPG_TRACKS_STK_PP ); Now enable paging:
00B5: 71 C0    OR    F,0xC0             (0420)     or    F, FLAG_PGMODE_11b       ; LMM w/ IndexPage<==>StackPage
                                        (0421)   ELSE
                                        (0422)     or    F, FLAG_PGMODE_10b       ; LMM w/ independent IndexPage
                                        (0423)   ENDIF ;  SYSTEM_IDXPG_TRACKS_STK_PP
                                        (0424) ELSE
                                        (0425)     mov   A, __ramareas_end        ; Set top of stack to end of used RAM
                                        (0426)     swap  SP, A
                                        (0427) ENDIF ;  SYSTEM_LARGE_MEMORY_MODEL
                                        (0428) ENDIF ;	TOOLCHAIN
                                        (0429) 
                                        (0430)     ;@PSoC_BOOT_LOADCFG_UserCode_START@
                                        (0431)     ;---------------------------------------------------
                                        (0432)     ; Insert your custom code below this banner
                                        (0433)     ;---------------------------------------------------
                                        (0434) 
                                        (0435)     ;---------------------------------------------------
                                        (0436)     ; Insert your custom code above this banner
                                        (0437)     ;---------------------------------------------------
                                        (0438)     ;@PSoC_BOOT_LOADCFG_UserCode_END@ 
                                        (0439) 
                                        (0440)     ;-------------------------
                                        (0441)     ; Load Base Configuration
                                        (0442)     ;-------------------------
                                        (0443)     ; Load global parameter settings and load the user modules in the
                                        (0444)     ; base configuration. Exceptions: (1) Leave CPU Speed fast as possible
                                        (0445)     ; to minimize start up time; (2) We may still need to play with the
                                        (0446)     ; Sleep Timer.
                                        (0447)     ;
00B7: 7C 03 1B LCALL 0x031B             (0448)     lcall LoadConfigInit
                                        (0449) 
                                        (0450)     ;-----------------------------------
                                        (0451)     ; Initialize C Run-Time Environment
                                        (0452)     ;-----------------------------------
                                        (0453) IF ( C_LANGUAGE_SUPPORT )
                                        (0454) IF ( SYSTEM_SMALL_MEMORY_MODEL )
                                        (0455)     mov  A,0                           ; clear the 'bss' segment to zero
                                        (0456)     mov  [__r0],<__bss_start
                                        (0457) BssLoop:
                                        (0458)     cmp  [__r0],<__bss_end
                                        (0459)     jz   BssDone
                                        (0460)     mvi  [__r0],A
                                        (0461)     jmp  BssLoop
                                        (0462) BssDone:
                                        (0463)     mov  A,>__idata_start              ; copy idata to data segment
                                        (0464)     mov  X,<__idata_start
                                        (0465)     mov  [__r0],<__data_start
                                        (0466) IDataLoop:
                                        (0467)     cmp  [__r0],<__data_end
                                        (0468)     jz   C_RTE_Done
                                        (0469)     push A
                                        (0470)     romx
                                        (0471)     mvi  [__r0],A
                                        (0472)     pop  A
                                        (0473)     inc  X
                                        (0474)     adc  A,0
                                        (0475)     jmp  IDataLoop
                                        (0476) 
                                        (0477) ENDIF ; SYSTEM_SMALL_MEMORY_MODEL
                                        (0478) 
                                        (0479) IF ( SYSTEM_LARGE_MEMORY_MODEL )
00BA: 62 D0 00 MOV   REG[0xD0],0x0      (0480)     mov   reg[CUR_PP], >__r0           ; force direct addr mode instructions
                                        (0481)                                        ; to use the Virtual Register page.
                                        (0482) 
                                        (0483)     ; Dereference the constant (flash) pointer pXIData to access the start
                                        (0484)     ; of the extended idata area, "xidata." Xidata follows the end of the
                                        (0485)     ; text segment and may have been relocated by the Code Compressor.
                                        (0486)     ;
00BD: 50 02    MOV   A,0x2              (0487)     mov   A, >__pXIData                ; Get the address of the flash
00BF: 57 14    MOV   X,0x14             (0488)     mov   X, <__pXIData                ;   pointer to the xidata area.
00C1: 08       PUSH  A                  (0489)     push  A
00C2: 28       ROMX                     (0490)     romx                               ; get the MSB of xidata's address
00C3: 53 01    MOV   [__r0],A           (0491)     mov   [__r0], A
00C5: 18       POP   A                  (0492)     pop   A
00C6: 75       INC   X                  (0493)     inc   X
00C7: 09 00    ADC   A,0x0              (0494)     adc   A, 0
00C9: 28       ROMX                     (0495)     romx                               ; get the LSB of xidata's address
00CA: 4B       SWAP  A,X                (0496)     swap  A, X
00CB: 51 01    MOV   A,[__r0]           (0497)     mov   A, [__r0]                    ; pXIData (in [A,X]) points to the
                                        (0498)                                        ;   XIData structure list in flash
00CD: 80 04    JMP   0x00D2             (0499)     jmp   .AccessStruct
                                        (0500) 
                                        (0501)     ; Unpack one element in the xidata "structure list" that specifies the
                                        (0502)     ; values of C variables. Each structure contains 3 member elements.
                                        (0503)     ; The first is a pointer to a contiguous block of RAM to be initial-
                                        (0504)     ; ized. Blocks are always 255 bytes or less in length and never cross
                                        (0505)     ; RAM page boundaries. The list terminates when the MSB of the pointer
                                        (0506)     ; contains 0xFF. There are two formats for the struct depending on the
                                        (0507)     ; value in the second member element, an unsigned byte:
                                        (0508)     ; (1) If the value of the second element is non-zero, it represents
                                        (0509)     ; the 'size' of the block of RAM to be initialized. In this case, the
                                        (0510)     ; third member of the struct is an array of bytes of length 'size' and
                                        (0511)     ; the bytes are copied to the block of RAM.
                                        (0512)     ; (2) If the value of the second element is zero, the block of RAM is
                                        (0513)     ; to be cleared to zero. In this case, the third member of the struct
                                        (0514)     ; is an unsigned byte containing the number of bytes to clear.
                                        (0515) 
                                        (0516) .AccessNextStructLoop:
00CF: 75       INC   X                  (0517)     inc   X                            ; pXIData++
00D0: 09 00    ADC   A,0x0              (0518)     adc   A, 0
00D2: 62 E3 00 MOV   REG[0xE3],0x0      
                                        (0519) .AccessStruct:                         ; Entry point for first block
                                        (0520)     ;
                                        (0521)     ; Assert: pXIData in [A,X] points to the beginning of an XIData struct.
                                        (0522)     ;
                                        (0523)     M8C_ClearWDT                       ; Clear the watchdog for long inits
00D5: 08       PUSH  A                  (0524)     push  A
00D6: 28       ROMX                     (0525)     romx                               ; MSB of RAM addr (CPU.A <- *pXIData)
00D7: 60 D5    MOV   REG[0xD5],A        (0526)     mov   reg[MVW_PP], A               ;   for use with MVI write operations
00D9: 74       INC   A                  (0527)     inc   A                            ; End of Struct List? (MSB==0xFF?)
00DA: A0 4B    JZ    0x0126             (0528)     jz    .C_RTE_WrapUp                ;   Yes, C runtime environment complete
00DC: 18       POP   A                  (0529)     pop   A                            ; restore pXIData to [A,X]
00DD: 75       INC   X                  (0530)     inc   X                            ; pXIData++
00DE: 09 00    ADC   A,0x0              (0531)     adc   A, 0
00E0: 08       PUSH  A                  (0532)     push  A
00E1: 28       ROMX                     (0533)     romx                               ; LSB of RAM addr (CPU.A <- *pXIData)
00E2: 53 01    MOV   [__r0],A           (0534)     mov   [__r0], A                    ; RAM Addr now in [reg[MVW_PP],[__r0]]
00E4: 18       POP   A                  (0535)     pop   A                            ; restore pXIData to [A,X]
00E5: 75       INC   X                  (0536)     inc   X                            ; pXIData++ (point to size)
00E6: 09 00    ADC   A,0x0              (0537)     adc   A, 0
00E8: 08       PUSH  A                  (0538)     push  A
00E9: 28       ROMX                     (0539)     romx                               ; Get the size (CPU.A <- *pXIData)
00EA: A0 1C    JZ    0x0107             (0540)     jz    .ClearRAMBlockToZero         ; If Size==0, then go clear RAM
00EC: 53 00    MOV   [__r1],A           (0541)     mov   [__r1], A                    ;             else downcount in __r1
00EE: 18       POP   A                  (0542)     pop   A                            ; restore pXIData to [A,X]
                                        (0543) 
                                        (0544) .CopyNextByteLoop:
                                        (0545)     ; For each byte in the structure's array member, copy from flash to RAM.
                                        (0546)     ; Assert: pXIData in [A,X] points to previous byte of flash source;
                                        (0547)     ;         [reg[MVW_PP],[__r0]] points to next RAM destination;
                                        (0548)     ;         __r1 holds a non-zero count of the number of bytes remaining.
                                        (0549)     ;
00EF: 75       INC   X                  (0550)     inc   X                            ; pXIData++ (point to next data byte)
00F0: 09 00    ADC   A,0x0              (0551)     adc   A, 0
00F2: 08       PUSH  A                  (0552)     push  A
00F3: 28       ROMX                     (0553)     romx                               ; Get the data value (CPU.A <- *pXIData)
00F4: 3F 01    MVI   [__r0],A           (0554)     mvi   [__r0], A                    ; Transfer the data to RAM
00F6: 47 01 FF TST   [__r0],0xFF        (0555)     tst   [__r0], 0xff                 ; Check for page crossing
00F9: B0 06    JNZ   0x0100             (0556)     jnz   .CopyLoopTail                ;   No crossing, keep going
00FB: 5D D5    MOV   A,REG[0xD5]        (0557)     mov   A, reg[ MVW_PP]              ;   If crossing, bump MVW page reg
00FD: 74       INC   A                  (0558)     inc   A
00FE: 60 D5    MOV   REG[0xD5],A        (0559)     mov   reg[ MVW_PP], A
                                        (0560) .CopyLoopTail:
0100: 18       POP   A                  (0561)     pop   A                            ; restore pXIData to [A,X]
0101: 7A 00    DEC   [__r1]             (0562)     dec   [__r1]                       ; End of this array in flash?
0103: BF EB    JNZ   0x00EF             (0563)     jnz   .CopyNextByteLoop            ;   No,  more bytes to copy
0105: 8F C9    JMP   0x00CF             (0564)     jmp   .AccessNextStructLoop        ;   Yes, initialize another RAM block
                                        (0565) 
                                        (0566) .ClearRAMBlockToZero:
0107: 18       POP   A                  (0567)     pop   A                            ; restore pXIData to [A,X]
0108: 75       INC   X                  (0568)     inc   X                            ; pXIData++ (point to next data byte)
0109: 09 00    ADC   A,0x0              (0569)     adc   A, 0
010B: 08       PUSH  A                  (0570)     push  A
010C: 28       ROMX                     (0571)     romx                               ; Get the run length (CPU.A <- *pXIData)
010D: 53 00    MOV   [__r1],A           (0572)     mov   [__r1], A                    ; Initialize downcounter
010F: 50 00    MOV   A,0x0              (0573)     mov   A, 0                         ; Initialize source data
                                        (0574) 
                                        (0575) .ClearRAMBlockLoop:
                                        (0576)     ; Assert: [reg[MVW_PP],[__r0]] points to next RAM destination and
                                        (0577)     ;         __r1 holds a non-zero count of the number of bytes remaining.
                                        (0578)     ;
0111: 3F 01    MVI   [__r0],A           (0579)     mvi   [__r0], A                    ; Clear a byte
0113: 47 01 FF TST   [__r0],0xFF        (0580)     tst   [__r0], 0xff                 ; Check for page crossing
0116: B0 08    JNZ   0x011F             (0581)     jnz   .ClearLoopTail               ;   No crossing, keep going
0118: 5D D5    MOV   A,REG[0xD5]        (0582)     mov   A, reg[ MVW_PP]              ;   If crossing, bump MVW page reg
011A: 74       INC   A                  (0583)     inc   A
011B: 60 D5    MOV   REG[0xD5],A        (0584)     mov   reg[ MVW_PP], A
011D: 50 00    MOV   A,0x0              (0585)     mov   A, 0                         ; Restore the zero used for clearing
                                        (0586) .ClearLoopTail:
011F: 7A 00    DEC   [__r1]             (0587)     dec   [__r1]                       ; Was this the last byte?
0121: BF EF    JNZ   0x0111             (0588)     jnz   .ClearRAMBlockLoop           ;   No,  continue
0123: 18       POP   A                  (0589)     pop   A                            ;   Yes, restore pXIData to [A,X] and
0124: 8F AA    JMP   0x00CF             (0590)     jmp   .AccessNextStructLoop        ;        initialize another RAM block
                                        (0591) 
                                        (0592) .C_RTE_WrapUp:
0126: 18       POP   A                  (0593)     pop   A                            ; balance stack
0127: 71 10    OR    F,0x10             
0129: 70 EF    AND   F,0xEF             
                                        (0594) 
                                        (0595) ENDIF ; SYSTEM_LARGE_MEMORY_MODEL
                                        (0596) 
                                        (0597) C_RTE_Done:
                                        (0598) 
                                        (0599) ENDIF ; C_LANGUAGE_SUPPORT
                                        (0600) 
                                        (0601)     ;-------------------------------
                                        (0602)     ; Voltage Stabilization for SMP
                                        (0603)     ;-------------------------------
                                        (0604) 
                                        (0605) IF ( POWER_SETTING & POWER_SET_5V0)    ; 5.0V Operation
                                        (0606) IF ( SWITCH_MODE_PUMP ^ 1 )            ; SMP is operational
                                        (0607)     ;- - - - - - - - - - - - - - - - - - - - - - - - - - - - - - - - - - -
                                        (0608)     ; When using the SMP at 5V, we must wait for Vdd to slew from 3.1V to
                                        (0609)     ; 5V before enabling the Precision Power-On Reset (PPOR).
                                        (0610)     ;- - - - - - - - - - - - - - - - - - - - - - - - - - - - - - - - - - -
                                        (0611)     or   reg[INT_MSK0],INT_MSK0_SLEEP
                                        (0612)     M8C_SetBank1
                                        (0613)     and   reg[OSC_CR0], ~OSC_CR0_SLEEP
                                        (0614)     or    reg[OSC_CR0],  OSC_CR0_SLEEP_512Hz
                                        (0615)     M8C_SetBank0
                                        (0616)     M8C_ClearWDTAndSleep                   ; Restart the sleep timer
                                        (0617)     mov   reg[INT_VC], 0                   ; Clear all pending interrupts
                                        (0618) .WaitFor2ms:
                                        (0619)     tst   reg[INT_CLR0], INT_MSK0_SLEEP    ; Test the SleepTimer Interrupt Status
                                        (0620)     jz   .WaitFor2ms                       ; Branch fails when 2 msec has passed
                                        (0621) ENDIF ; SMP is operational
                                        (0622) ENDIF ; 5.0V Operation
                                        (0623) 
                                        (0624)     ;-------------------------------
                                        (0625)     ; Set Power-On Reset (POR) Level
                                        (0626)     ;-------------------------------
                                        (0627)     ;  The writes to the VLT_CR register below include setting the POR to VLT_CR_POR_HIGH, 
                                        (0628)     ;  VLT_CR_POR_MID or VLT_CR_POR_LOW. Correctly setting this value is critical to the proper 
                                        (0629)     ;  operation of the PSoC. The POR protects the M8C from mis-executing when Vdd falls low. 
                                        (0630)     ;  These values should not be changed from the settings here. See Section "POR and LVD" of 
                                        (0631)     ;  Technical Reference Manual #001-14463 for more information.
                                        (0632) 
                                        (0633)     M8C_SetBank1
                                        (0634) 
                                        (0635) IF (POWER_SETTING & POWER_SET_5V0)          ; 5.0V Operation?
                                        (0636)  IF (POWER_SETTING & POWER_SET_SLOW_IMO)    ; and Slow Mode?
                                        (0637)  ELSE                                       ;    No, fast mode
                                        (0638)   IF ( CPU_CLOCK_JUST ^ OSC_CR0_CPU_24MHz ) ;    As fast as 24MHz?
                                        (0639)                                             ;       no, set midpoint POR in user code, if desired
                                        (0640)   ELSE ; 24HMz                              ;
                                        (0641)     or    reg[VLT_CR],  VLT_CR_POR_HIGH     ;      yes, highest POR trip point required
                                        (0642)   ENDIF ; 24MHz
                                        (0643)  ENDIF ; Slow Mode
                                        (0644) ENDIF ; 5.0V Operation
                                        (0645) 
                                        (0646)     M8C_SetBank0
                                        (0647) 
                                        (0648)     ;----------------------------
                                        (0649)     ; Wrap up and invoke "main"
                                        (0650)     ;----------------------------
                                        (0651) 
                                        (0652)     ; Disable the Sleep interrupt that was used for timing above.  In fact,
                                        (0653)     ; no interrupts should be enabled now, so may as well clear the register.
                                        (0654)     ;
012B: 62 E0 00 MOV   REG[0xE0],0x0      (0655)     mov  reg[INT_MSK0],0
012E: 71 10    OR    F,0x10             
                                        (0656) 
                                        (0657)     ; Everything has started OK. Now select requested CPU & sleep frequency.
                                        (0658)     ; And put decimator in full mode so it does not consume too much current.
                                        (0659)     ;
                                        (0660)     M8C_SetBank1
0130: 62 E0 08 MOV   REG[0xE0],0x8      (0661)     mov  reg[OSC_CR0],(SELECT_32K_JUST | PLL_MODE_JUST | SLEEP_TIMER_JUST | CPU_CLOCK_JUST)
0133: 43 E7 80 OR    REG[0xE7],0x80     (0662)     or   reg[DEC_CR2],80h                    ; Put decimator in full mode
0136: 70 EF    AND   F,0xEF             
                                        (0663)     M8C_SetBank0
                                        (0664) 
                                        (0665)     ; Global Interrupt are NOT enabled, this should be done in main().
                                        (0666)     ; LVD is set but will not occur unless Global Interrupts are enabled.
                                        (0667)     ; Global Interrupts should be enabled as soon as possible in main().
                                        (0668)     ;
0138: 62 E2 00 MOV   REG[0xE2],0x0      (0669)     mov  reg[INT_VC],0             ; Clear any pending interrupts which may
                                        (0670)                                    ; have been set during the boot process.
                                        (0671) IF	(TOOLCHAIN & HITECH)
                                        (0672) 	ljmp  startup                  ; Jump to C compiler startup code
                                        (0673) ELSE
                                        (0674) IF ENABLE_LJMP_TO_MAIN
                                        (0675)     ljmp  _main                    ; goto main (no return)
                                        (0676) ELSE
013B: 7C 03 7D LCALL __text_start|_main|_main(0677)     lcall _main                    ; call main
                                        (0678) .Exit:
013E: 8F FF    JMP   0x013E             (0679)     jmp  .Exit                     ; Wait here after return till power-off or reset
                                        (0680) ENDIF
                                        (0681) ENDIF ; TOOLCHAIN
                                        (0682) 
                                        (0683)     ;---------------------------------
                                        (0684)     ; Library Access to Global Parms
                                        (0685)     ;---------------------------------
                                        (0686)     ;
                                        (0687)  bGetPowerSetting:
                                        (0688) _bGetPowerSetting:
                                        (0689)     ; Returns value of POWER_SETTING in the A register.
                                        (0690)     ; No inputs. No Side Effects.
                                        (0691)     ;
0140: 50 10    MOV   A,0x10             (0692)     mov   A, POWER_SETTING
0142: 7F       RET                      (0693)     ret
                                        (0694) 
                                        (0695) IF	(TOOLCHAIN & HITECH)
                                        (0696) ELSE
                                        (0697)     ;---------------------------------
                                        (0698)     ; Order Critical RAM & ROM AREAs
                                        (0699)     ;---------------------------------
                                        (0700)     ;  'TOP' is all that has been defined so far...
                                        (0701) 
                                        (0702)     ;  ROM AREAs for C CONST, static & global items
                                        (0703)     ;
                                        (0704)     AREA lit               (ROM, REL, CON, LIT)   ; 'const' definitions
                                        (0705)     AREA idata             (ROM, REL, CON, LIT)   ; Constants for initializing RAM
                                        (0706) __idata_start:
                                        (0707) 
                                        (0708)     AREA func_lit          (ROM, REL, CON, proclab)   ; Function Pointers
                                        (0709) __func_lit_start:
                                        (0710) 
                                        (0711) IF ( SYSTEM_LARGE_MEMORY_MODEL )
                                        (0712)     ; We use the func_lit area to store a pointer to extended initialized
                                        (0713)     ; data (xidata) area that follows the text area. Func_lit isn't
                                        (0714)     ; relocated by the code compressor, but the text area may shrink and
                                        (0715)     ; that moves xidata around.
                                        (0716)     ;
                                        (0717) __pXIData:         word __text_end           ; ptr to extended idata
                                        (0718) ENDIF
                                        (0719) 
                                        (0720)     AREA psoc_config       (ROM, REL, CON)   ; Configuration Load & Unload
                                        (0721)     AREA UserModules       (ROM, REL, CON)   ; User Module APIs
                                        (0722) 
                                        (0723)     ; CODE segment for general use
                                        (0724)     ;
                                        (0725)     AREA text (ROM, REL, CON)
                                        (0726) __text_start:
                                        (0727) 
                                        (0728)     ; RAM area usage
                                        (0729)     ;
                                        (0730)     AREA data              (RAM, REL, CON)   ; initialized RAM
                                        (0731) __data_start:
                                        (0732) 
                                        (0733)     AREA virtual_registers (RAM, REL, CON)   ; Temp vars of C compiler
                                        (0734)     AREA InterruptRAM      (RAM, REL, CON)   ; Interrupts, on Page 0
                                        (0735)     AREA bss               (RAM, REL, CON)   ; general use
                                        (0736) __bss_start:
                                        (0737) 
                                        (0738) ENDIF ; TOOLCHAIN
                                        (0739) 
                                        (0740) ; end of file boot.asm
FILE: lib\psocconfigtbl.asm             (0001) ;  Generated by PSoC Designer 5.3.2710
0216: 70 EF    AND   F,0xEF             (0002) ;
                                        (0003) include "m8c.inc"
                                        (0004) ;  Personalization tables 
                                        (0005) export LoadConfigTBL_lab2a_Bank1
                                        (0006) export LoadConfigTBL_lab2a_Bank0
                                        (0007) export LoadConfigTBL_lab2a_Ordered
                                        (0008) AREA lit(rom, rel)
                                        (0009) LoadConfigTBL_lab2a_Bank0:
                                        (0010) ;  Global Register values Bank 0
                                        (0011) 	db		60h, 28h		; AnalogColumnInputSelect register (AMX_IN)
                                        (0012) 	db		66h, 00h		; AnalogComparatorControl1 register (CMP_CR1)
                                        (0013) 	db		63h, 05h		; AnalogReferenceControl register (ARF_CR)
                                        (0014) 	db		65h, 00h		; AnalogSyncControl register (ASY_CR)
                                        (0015) 	db		e6h, 00h		; DecimatorControl_0 register (DEC_CR0)
                                        (0016) 	db		e7h, 00h		; DecimatorControl_1 register (DEC_CR1)
                                        (0017) 	db		d6h, 00h		; I2CConfig register (I2C_CFG)
                                        (0018) 	db		b0h, 00h		; Row_0_InputMux register (RDI0RI)
                                        (0019) 	db		b1h, 00h		; Row_0_InputSync register (RDI0SYN)
                                        (0020) 	db		b2h, 00h		; Row_0_LogicInputAMux register (RDI0IS)
                                        (0021) 	db		b3h, 33h		; Row_0_LogicSelect_0 register (RDI0LT0)
                                        (0022) 	db		b4h, 33h		; Row_0_LogicSelect_1 register (RDI0LT1)
                                        (0023) 	db		b5h, 00h		; Row_0_OutputDrive_0 register (RDI0SRO0)
                                        (0024) 	db		b6h, 00h		; Row_0_OutputDrive_1 register (RDI0SRO1)
                                        (0025) 	db		b8h, 55h		; Row_1_InputMux register (RDI1RI)
                                        (0026) 	db		b9h, 00h		; Row_1_InputSync register (RDI1SYN)
                                        (0027) 	db		bah, 10h		; Row_1_LogicInputAMux register (RDI1IS)
                                        (0028) 	db		bbh, 33h		; Row_1_LogicSelect_0 register (RDI1LT0)
                                        (0029) 	db		bch, 33h		; Row_1_LogicSelect_1 register (RDI1LT1)
                                        (0030) 	db		bdh, 00h		; Row_1_OutputDrive_0 register (RDI1SRO0)
                                        (0031) 	db		beh, 00h		; Row_1_OutputDrive_1 register (RDI1SRO1)
                                        (0032) 	db		c0h, 00h		; Row_2_InputMux register (RDI2RI)
                                        (0033) 	db		c1h, 00h		; Row_2_InputSync register (RDI2SYN)
                                        (0034) 	db		c2h, 20h		; Row_2_LogicInputAMux register (RDI2IS)
                                        (0035) 	db		c3h, 33h		; Row_2_LogicSelect_0 register (RDI2LT0)
                                        (0036) 	db		c4h, 33h		; Row_2_LogicSelect_1 register (RDI3LT1)
                                        (0037) 	db		c5h, 00h		; Row_2_OutputDrive_0 register (RDI2SRO0)
                                        (0038) 	db		c6h, 00h		; Row_2_OutputDrive_1 register (RDI2SRO1)
                                        (0039) 	db		c8h, 55h		; Row_3_InputMux register (RDI3RI)
                                        (0040) 	db		c9h, 00h		; Row_3_InputSync register (RDI3SYN)
                                        (0041) 	db		cah, 30h		; Row_3_LogicInputAMux register (RDI3IS)
                                        (0042) 	db		cbh, 33h		; Row_3_LogicSelect_0 register (RDI3LT0)
                                        (0043) 	db		cch, 33h		; Row_3_LogicSelect_1 register (RDI3LT1)
                                        (0044) 	db		cdh, 00h		; Row_3_OutputDrive_0 register (RDI3SRO0)
                                        (0045) 	db		ceh, 00h		; Row_3_OutputDrive_1 register (RDI3SRO1)
                                        (0046) 	db		6ch, 00h		; TMP_DR0 register (TMP_DR0)
                                        (0047) 	db		6dh, 00h		; TMP_DR1 register (TMP_DR1)
                                        (0048) 	db		6eh, 00h		; TMP_DR2 register (TMP_DR2)
                                        (0049) 	db		6fh, 00h		; TMP_DR3 register (TMP_DR3)
                                        (0050) 	db		ffh
                                        (0051) LoadConfigTBL_lab2a_Bank1:
                                        (0052) ;  Global Register values Bank 1
                                        (0053) 	db		61h, 00h		; AnalogClockSelect1 register (CLK_CR1)
                                        (0054) 	db		69h, 00h		; AnalogClockSelect2 register (CLK_CR2)
                                        (0055) 	db		60h, 00h		; AnalogColumnClockSelect register (CLK_CR0)
                                        (0056) 	db		62h, 00h		; AnalogIOControl_0 register (ABF_CR0)
                                        (0057) 	db		67h, 33h		; AnalogLUTControl0 register (ALT_CR0)
                                        (0058) 	db		68h, 33h		; AnalogLUTControl1 register (ALT_CR1)
                                        (0059) 	db		63h, 00h		; AnalogModulatorControl_0 register (AMD_CR0)
                                        (0060) 	db		66h, 00h		; AnalogModulatorControl_1 register (AMD_CR1)
                                        (0061) 	db		d1h, 00h		; GlobalDigitalInterconnect_Drive_Even_Input register (GDI_E_IN)
                                        (0062) 	db		d3h, 00h		; GlobalDigitalInterconnect_Drive_Even_Output register (GDI_E_OU)
                                        (0063) 	db		d0h, 00h		; GlobalDigitalInterconnect_Drive_Odd_Input register (GDI_O_IN)
                                        (0064) 	db		d2h, 00h		; GlobalDigitalInterconnect_Drive_Odd_Output register (GDI_O_OU)
                                        (0065) 	db		e1h, ffh		; OscillatorControl_1 register (OSC_CR1)
                                        (0066) 	db		e2h, 00h		; OscillatorControl_2 register (OSC_CR2)
                                        (0067) 	db		dfh, ffh		; OscillatorControl_3 register (OSC_CR3)
                                        (0068) 	db		deh, 02h		; OscillatorControl_4 register (OSC_CR4)
                                        (0069) 	db		ddh, 00h		; OscillatorGlobalBusEnableControl register (OSC_GO_EN)
                                        (0070) 	db		e7h, 00h		; Type2Decimator_Control register (DEC_CR2)
                                        (0071) 	db		ffh
                                        (0072) AREA psoc_config(rom, rel)
                                        (0073) LoadConfigTBL_lab2a_Ordered:
                                        (0074) ;  Ordered Global Register values
                                        (0075) 	M8C_SetBank0
0218: 62 00 00 MOV   REG[0x0],0x0       (0076) 	mov	reg[00h], 00h		; Port_0_Data register (PRT0DR)
021B: 71 10    OR    F,0x10             
                                        (0077) 	M8C_SetBank1
021D: 62 00 00 MOV   REG[0x0],0x0       (0078) 	mov	reg[00h], 00h		; Port_0_DriveMode_0 register (PRT0DM0)
0220: 62 01 FF MOV   REG[0x1],0xFF      (0079) 	mov	reg[01h], ffh		; Port_0_DriveMode_1 register (PRT0DM1)
0223: 70 EF    AND   F,0xEF             
                                        (0080) 	M8C_SetBank0
0225: 62 03 FF MOV   REG[0x3],0xFF      (0081) 	mov	reg[03h], ffh		; Port_0_DriveMode_2 register (PRT0DM2)
0228: 62 02 00 MOV   REG[0x2],0x0       (0082) 	mov	reg[02h], 00h		; Port_0_GlobalSelect register (PRT0GS)
022B: 71 10    OR    F,0x10             
                                        (0083) 	M8C_SetBank1
022D: 62 02 00 MOV   REG[0x2],0x0       (0084) 	mov	reg[02h], 00h		; Port_0_IntCtrl_0 register (PRT0IC0)
0230: 62 03 00 MOV   REG[0x3],0x0       (0085) 	mov	reg[03h], 00h		; Port_0_IntCtrl_1 register (PRT0IC1)
0233: 70 EF    AND   F,0xEF             
                                        (0086) 	M8C_SetBank0
0235: 62 01 00 MOV   REG[0x1],0x0       (0087) 	mov	reg[01h], 00h		; Port_0_IntEn register (PRT0IE)
0238: 62 04 00 MOV   REG[0x4],0x0       (0088) 	mov	reg[04h], 00h		; Port_1_Data register (PRT1DR)
023B: 71 10    OR    F,0x10             
                                        (0089) 	M8C_SetBank1
023D: 62 04 0F MOV   REG[0x4],0xF       (0090) 	mov	reg[04h], 0fh		; Port_1_DriveMode_0 register (PRT1DM0)
0240: 62 05 F0 MOV   REG[0x5],0xF0      (0091) 	mov	reg[05h], f0h		; Port_1_DriveMode_1 register (PRT1DM1)
0243: 70 EF    AND   F,0xEF             
                                        (0092) 	M8C_SetBank0
0245: 62 07 F0 MOV   REG[0x7],0xF0      (0093) 	mov	reg[07h], f0h		; Port_1_DriveMode_2 register (PRT1DM2)
0248: 62 06 00 MOV   REG[0x6],0x0       (0094) 	mov	reg[06h], 00h		; Port_1_GlobalSelect register (PRT1GS)
024B: 71 10    OR    F,0x10             
                                        (0095) 	M8C_SetBank1
024D: 62 06 00 MOV   REG[0x6],0x0       (0096) 	mov	reg[06h], 00h		; Port_1_IntCtrl_0 register (PRT1IC0)
0250: 62 07 00 MOV   REG[0x7],0x0       (0097) 	mov	reg[07h], 00h		; Port_1_IntCtrl_1 register (PRT1IC1)
0253: 70 EF    AND   F,0xEF             
                                        (0098) 	M8C_SetBank0
0255: 62 05 00 MOV   REG[0x5],0x0       (0099) 	mov	reg[05h], 00h		; Port_1_IntEn register (PRT1IE)
0258: 62 08 00 MOV   REG[0x8],0x0       (0100) 	mov	reg[08h], 00h		; Port_2_Data register (PRT2DR)
025B: 71 10    OR    F,0x10             
                                        (0101) 	M8C_SetBank1
025D: 62 08 00 MOV   REG[0x8],0x0       (0102) 	mov	reg[08h], 00h		; Port_2_DriveMode_0 register (PRT2DM0)
0260: 62 09 FF MOV   REG[0x9],0xFF      (0103) 	mov	reg[09h], ffh		; Port_2_DriveMode_1 register (PRT2DM1)
0263: 70 EF    AND   F,0xEF             
                                        (0104) 	M8C_SetBank0
0265: 62 0B FF MOV   REG[0xB],0xFF      (0105) 	mov	reg[0bh], ffh		; Port_2_DriveMode_2 register (PRT2DM2)
0268: 62 0A 00 MOV   REG[0xA],0x0       (0106) 	mov	reg[0ah], 00h		; Port_2_GlobalSelect register (PRT2GS)
026B: 71 10    OR    F,0x10             
                                        (0107) 	M8C_SetBank1
026D: 62 0A 00 MOV   REG[0xA],0x0       (0108) 	mov	reg[0ah], 00h		; Port_2_IntCtrl_0 register (PRT2IC0)
0270: 62 0B 00 MOV   REG[0xB],0x0       (0109) 	mov	reg[0bh], 00h		; Port_2_IntCtrl_1 register (PRT2IC1)
0273: 70 EF    AND   F,0xEF             
                                        (0110) 	M8C_SetBank0
0275: 62 09 00 MOV   REG[0x9],0x0       (0111) 	mov	reg[09h], 00h		; Port_2_IntEn register (PRT2IE)
0278: 62 0C 00 MOV   REG[0xC],0x0       (0112) 	mov	reg[0ch], 00h		; Port_3_Data register (PRT3DR)
027B: 71 10    OR    F,0x10             
                                        (0113) 	M8C_SetBank1
027D: 62 0C 00 MOV   REG[0xC],0x0       (0114) 	mov	reg[0ch], 00h		; Port_3_DriveMode_0 register (PRT3DM0)
0280: 62 0D 00 MOV   REG[0xD],0x0       (0115) 	mov	reg[0dh], 00h		; Port_3_DriveMode_1 register (PRT3DM1)
0283: 70 EF    AND   F,0xEF             
                                        (0116) 	M8C_SetBank0
0285: 62 0F 00 MOV   REG[0xF],0x0       (0117) 	mov	reg[0fh], 00h		; Port_3_DriveMode_2 register (PRT3DM2)
0288: 62 0E 00 MOV   REG[0xE],0x0       (0118) 	mov	reg[0eh], 00h		; Port_3_GlobalSelect register (PRT3GS)
028B: 71 10    OR    F,0x10             
                                        (0119) 	M8C_SetBank1
028D: 62 0E 00 MOV   REG[0xE],0x0       (0120) 	mov	reg[0eh], 00h		; Port_3_IntCtrl_0 register (PRT3IC0)
0290: 62 0F 00 MOV   REG[0xF],0x0       (0121) 	mov	reg[0fh], 00h		; Port_3_IntCtrl_1 register (PRT3IC1)
0293: 70 EF    AND   F,0xEF             
                                        (0122) 	M8C_SetBank0
0295: 62 0D 00 MOV   REG[0xD],0x0       (0123) 	mov	reg[0dh], 00h		; Port_3_IntEn register (PRT3IE)
0298: 62 10 00 MOV   REG[0x10],0x0      (0124) 	mov	reg[10h], 00h		; Port_4_Data register (PRT4DR)
029B: 71 10    OR    F,0x10             
                                        (0125) 	M8C_SetBank1
029D: 62 10 00 MOV   REG[0x10],0x0      (0126) 	mov	reg[10h], 00h		; Port_4_DriveMode_0 register (PRT4DM0)
02A0: 62 11 00 MOV   REG[0x11],0x0      (0127) 	mov	reg[11h], 00h		; Port_4_DriveMode_1 register (PRT4DM1)
02A3: 70 EF    AND   F,0xEF             
                                        (0128) 	M8C_SetBank0
02A5: 62 13 00 MOV   REG[0x13],0x0      (0129) 	mov	reg[13h], 00h		; Port_4_DriveMode_2 register (PRT4DM2)
02A8: 62 12 00 MOV   REG[0x12],0x0      (0130) 	mov	reg[12h], 00h		; Port_4_GlobalSelect register (PRT4GS)
02AB: 71 10    OR    F,0x10             
                                        (0131) 	M8C_SetBank1
02AD: 62 12 00 MOV   REG[0x12],0x0      (0132) 	mov	reg[12h], 00h		; Port_4_IntCtrl_0 register (PRT4IC0)
02B0: 62 13 00 MOV   REG[0x13],0x0      (0133) 	mov	reg[13h], 00h		; Port_4_IntCtrl_1 register (PRT4IC1)
02B3: 70 EF    AND   F,0xEF             
                                        (0134) 	M8C_SetBank0
02B5: 62 11 00 MOV   REG[0x11],0x0      (0135) 	mov	reg[11h], 00h		; Port_4_IntEn register (PRT4IE)
02B8: 62 14 00 MOV   REG[0x14],0x0      (0136) 	mov	reg[14h], 00h		; Port_5_Data register (PRT5DR)
02BB: 71 10    OR    F,0x10             
                                        (0137) 	M8C_SetBank1
02BD: 62 14 00 MOV   REG[0x14],0x0      (0138) 	mov	reg[14h], 00h		; Port_5_DriveMode_0 register (PRT5DM0)
02C0: 62 15 00 MOV   REG[0x15],0x0      (0139) 	mov	reg[15h], 00h		; Port_5_DriveMode_1 register (PRT5DM1)
02C3: 70 EF    AND   F,0xEF             
                                        (0140) 	M8C_SetBank0
02C5: 62 17 00 MOV   REG[0x17],0x0      (0141) 	mov	reg[17h], 00h		; Port_5_DriveMode_2 register (PRT5DM2)
02C8: 62 16 00 MOV   REG[0x16],0x0      (0142) 	mov	reg[16h], 00h		; Port_5_GlobalSelect register (PRT5GS)
02CB: 71 10    OR    F,0x10             
                                        (0143) 	M8C_SetBank1
02CD: 62 16 00 MOV   REG[0x16],0x0      (0144) 	mov	reg[16h], 00h		; Port_5_IntCtrl_0 register (PRT5IC0)
02D0: 62 17 00 MOV   REG[0x17],0x0      (0145) 	mov	reg[17h], 00h		; Port_5_IntCtrl_1 register (PRT5IC1)
02D3: 70 EF    AND   F,0xEF             
                                        (0146) 	M8C_SetBank0
02D5: 62 15 00 MOV   REG[0x15],0x0      (0147) 	mov	reg[15h], 00h		; Port_5_IntEn register (PRT5IE)
02D8: 62 18 00 MOV   REG[0x18],0x0      (0148) 	mov	reg[18h], 00h		; Port_6_Data register (PRT6DR)
02DB: 71 10    OR    F,0x10             
                                        (0149) 	M8C_SetBank1
02DD: 62 18 00 MOV   REG[0x18],0x0      (0150) 	mov	reg[18h], 00h		; Port_6_DriveMode_0 register (PRT6DM0)
02E0: 62 19 00 MOV   REG[0x19],0x0      (0151) 	mov	reg[19h], 00h		; Port_6_DriveMode_1 register (PRT6DM1)
02E3: 70 EF    AND   F,0xEF             
                                        (0152) 	M8C_SetBank0
02E5: 62 1B 00 MOV   REG[0x1B],0x0      (0153) 	mov	reg[1bh], 00h		; Port_6_DriveMode_2 register (PRT6DM2)
02E8: 62 1A 00 MOV   REG[0x1A],0x0      (0154) 	mov	reg[1ah], 00h		; Port_6_GlobalSelect register (PRT6GS)
02EB: 71 10    OR    F,0x10             
                                        (0155) 	M8C_SetBank1
02ED: 62 1A 00 MOV   REG[0x1A],0x0      (0156) 	mov	reg[1ah], 00h		; Port_6_IntCtrl_0 register (PRT6IC0)
02F0: 62 1B 00 MOV   REG[0x1B],0x0      (0157) 	mov	reg[1bh], 00h		; Port_6_IntCtrl_1 register (PRT6IC1)
02F3: 70 EF    AND   F,0xEF             
                                        (0158) 	M8C_SetBank0
02F5: 62 19 00 MOV   REG[0x19],0x0      (0159) 	mov	reg[19h], 00h		; Port_6_IntEn register (PRT6IE)
02F8: 62 1C 00 MOV   REG[0x1C],0x0      (0160) 	mov	reg[1ch], 00h		; Port_7_Data register (PRT7DR)
02FB: 71 10    OR    F,0x10             
                                        (0161) 	M8C_SetBank1
02FD: 62 1C 00 MOV   REG[0x1C],0x0      (0162) 	mov	reg[1ch], 00h		; Port_7_DriveMode_0 register (PRT7DM0)
0300: 62 1D 00 MOV   REG[0x1D],0x0      (0163) 	mov	reg[1dh], 00h		; Port_7_DriveMode_1 register (PRT7DM1)
0303: 70 EF    AND   F,0xEF             
                                        (0164) 	M8C_SetBank0
0305: 62 1F 00 MOV   REG[0x1F],0x0      (0165) 	mov	reg[1fh], 00h		; Port_7_DriveMode_2 register (PRT7DM2)
0308: 62 1E 00 MOV   REG[0x1E],0x0      (0166) 	mov	reg[1eh], 00h		; Port_7_GlobalSelect register (PRT7GS)
030B: 71 10    OR    F,0x10             
                                        (0167) 	M8C_SetBank1
030D: 62 1E 00 MOV   REG[0x1E],0x0      (0168) 	mov	reg[1eh], 00h		; Port_7_IntCtrl_0 register (PRT7IC0)
0310: 62 1F 00 MOV   REG[0x1F],0x0      (0169) 	mov	reg[1fh], 00h		; Port_7_IntCtrl_1 register (PRT7IC1)
0313: 70 EF    AND   F,0xEF             
                                        (0170) 	M8C_SetBank0
0315: 62 1D 00 MOV   REG[0x1D],0x0      (0171) 	mov	reg[1dh], 00h		; Port_7_IntEn register (PRT7IE)
0318: 70 EF    AND   F,0xEF             
                                        (0172) 	M8C_SetBank0
031A: 7F       RET                      (0173) 	ret
                                        (0174) 
                                        (0175) 
                                        (0176) ; PSoC Configuration file trailer PsocConfig.asm
FILE: lib\psocconfig.asm                (0001) ;  Generated by PSoC Designer 5.3.2710
                                        (0002) ;
                                        (0003) ;==========================================================================
                                        (0004) ;  PSoCConfig.asm
                                        (0005) ;  @PSOC_VERSION
                                        (0006) ;
                                        (0007) ;  Version: 0.85
                                        (0008) ;  Revised: June 22, 2004
                                        (0009) ;  Copyright (c) Cypress Semiconductor 2012. All Rights Reserved.
                                        (0010) ;
                                        (0011) ;  This file is generated by the Device Editor on Application Generation.
                                        (0012) ;  It contains code which loads the configuration data table generated in
                                        (0013) ;  the file PSoCConfigTBL.asm
                                        (0014) ;
                                        (0015) ;  DO NOT EDIT THIS FILE MANUALLY, AS IT IS OVERWRITTEN!!!
                                        (0016) ;  Edits to this file will not be preserved.
                                        (0017) ;==========================================================================
                                        (0018) ;
                                        (0019) include "m8c.inc"
                                        (0020) include "memory.inc"
                                        (0021) include "GlobalParams.inc"
                                        (0022) 
                                        (0023) export LoadConfigInit
                                        (0024) export _LoadConfigInit
                                        (0025) export LoadConfig_lab2a
                                        (0026) export _LoadConfig_lab2a
                                        (0027) 
                                        (0028) export NO_SHADOW
                                        (0029) export _NO_SHADOW
                                        (0030) 
                                        (0031) FLAG_CFG_MASK:      equ 10h         ;M8C flag register REG address bit mask
                                        (0032) END_CONFIG_TABLE:   equ ffh         ;end of config table indicator
                                        (0033) 
                                        (0034) AREA psoc_config(rom, rel)
                                        (0035) 
                                        (0036) ;---------------------------------------------------------------------------
                                        (0037) ; LoadConfigInit - Establish the start-up configuration (except for a few
                                        (0038) ;                  parameters handled by boot code, like CPU speed). This
                                        (0039) ;                  function can be called from user code, but typically it
                                        (0040) ;                  is only called from boot.
                                        (0041) ;
                                        (0042) ;       INPUTS: None.
                                        (0043) ;      RETURNS: Nothing.
                                        (0044) ; SIDE EFFECTS: Registers are volatile: the A and X registers can be modified!
                                        (0045) ;               In the large memory model currently only the page
                                        (0046) ;               pointer registers listed below are modified.  This does
                                        (0047) ;               not guarantee that in future implementations of this
                                        (0048) ;               function other page pointer registers will not be
                                        (0049) ;               modified.
                                        (0050) ;          
                                        (0051) ;               Page Pointer Registers Modified: 
                                        (0052) ;               CUR_PP
                                        (0053) ;
                                        (0054) _LoadConfigInit:
                                        (0055)  LoadConfigInit:
                                        (0056)     RAM_PROLOGUE RAM_USE_CLASS_4
                                        (0057)     
031B: 7C 03 22 LCALL 0x0322             (0058) 	lcall	LoadConfig_lab2a
031E: 7C 02 16 LCALL 0x0216             (0059) 	lcall	LoadConfigTBL_lab2a_Ordered
                                        (0060) 
                                        (0061) 
                                        (0062)     RAM_EPILOGUE RAM_USE_CLASS_4
0321: 7F       RET                      (0063)     ret
                                        (0064) 
                                        (0065) ;---------------------------------------------------------------------------
                                        (0066) ; Load Configuration lab2a
                                        (0067) ;
                                        (0068) ;    Load configuration registers for lab2a.
                                        (0069) ;    IO Bank 0 registers a loaded first,then those in IO Bank 1.
                                        (0070) ;
                                        (0071) ;       INPUTS: None.
                                        (0072) ;      RETURNS: Nothing.
                                        (0073) ; SIDE EFFECTS: Registers are volatile: the CPU A and X registers may be
                                        (0074) ;               modified as may the Page Pointer registers!
                                        (0075) ;               In the large memory model currently only the page
                                        (0076) ;               pointer registers listed below are modified.  This does
                                        (0077) ;               not guarantee that in future implementations of this
                                        (0078) ;               function other page pointer registers will not be
                                        (0079) ;               modified.
                                        (0080) ;          
                                        (0081) ;               Page Pointer Registers Modified: 
                                        (0082) ;               CUR_PP
                                        (0083) ;
                                        (0084) _LoadConfig_lab2a:
                                        (0085)  LoadConfig_lab2a:
                                        (0086)     RAM_PROLOGUE RAM_USE_CLASS_4
                                        (0087) 
0322: 10       PUSH  X                  (0088) 	push	x
0323: 70 EF    AND   F,0xEF             
                                        (0089)     M8C_SetBank0                    ; Force bank 0
0325: 50 00    MOV   A,0x0              (0090)     mov     a, 0                    ; Specify bank 0
0327: 67       ASR   A                  (0091)     asr     a                       ; Store in carry flag
                                        (0092)                                     ; Load bank 0 table:
0328: 50 01    MOV   A,0x1              (0093)     mov     A, >LoadConfigTBL_lab2a_Bank0
032A: 57 A0    MOV   X,0xA0             (0094)     mov     X, <LoadConfigTBL_lab2a_Bank0
032C: 7C 03 3D LCALL 0x033D             (0095)     lcall   LoadConfig              ; Load the bank 0 values
                                        (0096) 
032F: 50 01    MOV   A,0x1              (0097)     mov     a, 1                    ; Specify bank 1
0331: 67       ASR   A                  (0098)     asr     a                       ; Store in carry flag
                                        (0099)                                     ; Load bank 1 table:
0332: 50 01    MOV   A,0x1              (0100)     mov     A, >LoadConfigTBL_lab2a_Bank1
0334: 57 EF    MOV   X,0xEF             (0101)     mov     X, <LoadConfigTBL_lab2a_Bank1
0336: 7C 03 3D LCALL 0x033D             (0102)     lcall   LoadConfig              ; Load the bank 1 values
0339: 70 EF    AND   F,0xEF             
                                        (0103) 
                                        (0104)     M8C_SetBank0                    ; Force return to bank 0
033B: 20       POP   X                  (0105) 	pop		x
                                        (0106) 
                                        (0107)     RAM_EPILOGUE RAM_USE_CLASS_4
033C: 7F       RET                      (0108)     ret
                                        (0109) 
                                        (0110) 
                                        (0111) 
                                        (0112) 
                                        (0113) ;---------------------------------------------------------------------------
                                        (0114) ; LoadConfig - Set IO registers as specified in ROM table of (address,value)
                                        (0115) ;              pairs. Terminate on address=0xFF.
                                        (0116) ;
                                        (0117) ;  INPUTS:  [A,X] points to the table to be loaded
                                        (0118) ;           Flag Register Carry bit encodes the Register Bank
                                        (0119) ;           (Carry=0 => Bank 0; Carry=1 => Bank 1)
                                        (0120) ;
                                        (0121) ;  RETURNS: nothing.
                                        (0122) ;
                                        (0123) ;  STACK FRAME:  X-4 I/O Bank 0/1 indicator
                                        (0124) ;                X-3 Temporary store for register address
                                        (0125) ;                X-2 LSB of config table address
                                        (0126) ;                X-1 MSB of config table address
                                        (0127) ;
                                        (0128) LoadConfig:
                                        (0129)     RAM_PROLOGUE RAM_USE_CLASS_2
033D: 38 02    ADD   SP,0x2             (0130)     add     SP, 2                   ; Set up local vars
033F: 10       PUSH  X                  (0131)     push    X                       ; Save config table address on stack
0340: 08       PUSH  A                  (0132)     push    A
0341: 4F       MOV   X,SP               (0133)     mov     X, SP
0342: 56 FC 00 MOV   [X-4],0x0          (0134)     mov     [X-4], 0                ; Set default Destination to Bank 0
0345: D0 04    JNC   0x034A             (0135)     jnc     .BankSelectSaved        ; Carry says Bank 0 is OK
0347: 56 FC 01 MOV   [X-4],0x1          (0136)     mov     [X-4], 1                ; No Carry: default to Bank 1
                                        (0137) .BankSelectSaved:
034A: 18       POP   A                  (0138)     pop     A
034B: 20       POP   X                  (0139)     pop     X
034C: 70 EF    AND   F,0xEF             
034E: 62 E3 00 MOV   REG[0xE3],0x0      
                                        (0140) 
                                        (0141) LoadConfigLp:
                                        (0142)     M8C_SetBank0                    ; Switch to bank 0
                                        (0143)     M8C_ClearWDT                    ; Clear the watchdog for long inits
0351: 10       PUSH  X                  (0144)     push    X                       ; Preserve the config table address
0352: 08       PUSH  A                  (0145)     push    A
0353: 28       ROMX                     (0146)     romx                            ; Load register address from table
0354: 39 FF    CMP   A,0xFF             (0147)     cmp     A, END_CONFIG_TABLE     ; End of table?
0356: A0 1F    JZ    0x0376             (0148)     jz      EndLoadConfig           ;   Yes, go wrap it up
0358: 4F       MOV   X,SP               (0149)     mov     X, SP                   ;
0359: 48 FC 01 TST   [X-4],0x1          (0150)     tst     [X-4], 1                ; Loading IO Bank 1?
035C: A0 03    JZ    0x0360             (0151)     jz      .IOBankNowSet           ;    No, Bank 0 is fine
035E: 71 10    OR    F,0x10             
                                        (0152)     M8C_SetBank1                    ;   Yes, switch to Bank 1
                                        (0153) .IOBankNowSet:
0360: 54 FD    MOV   [X-3],A            (0154)     mov     [X-3], A                ; Stash the register address
0362: 18       POP   A                  (0155)     pop     A                       ; Retrieve the table address
0363: 20       POP   X                  (0156)     pop     X
0364: 75       INC   X                  (0157)     inc     X                       ; Advance to the data byte
0365: 09 00    ADC   A,0x0              (0158)     adc     A, 0
0367: 10       PUSH  X                  (0159)     push    X                       ; Save the config table address again
0368: 08       PUSH  A                  (0160)     push    A
0369: 28       ROMX                     (0161)     romx                            ; load config data from the table
036A: 4F       MOV   X,SP               (0162)     mov     X, SP                   ; retrieve the register address
036B: 59 FD    MOV   X,[X-3]            (0163)     mov     X, [X-3]
036D: 61 00    MOV   REG[X+0x0],A       (0164)     mov     reg[X], A               ; Configure the register
036F: 18       POP   A                  (0165)     pop     A                       ; retrieve the table address
0370: 20       POP   X                  (0166)     pop     X
0371: 75       INC   X                  (0167)     inc     X                       ; advance to next table entry
0372: 09 00    ADC   A,0x0              (0168)     adc     A, 0
0374: 8F D7    JMP   0x034C             (0169)     jmp     LoadConfigLp            ; loop to configure another register
                                        (0170) EndLoadConfig:
0376: 38 FC    ADD   SP,0xFC            (0171)     add     SP, -4
0378: 70 3F    AND   F,0x3F             
037A: 71 C0    OR    F,0xC0             
                                        (0172)     RAM_EPILOGUE RAM_USE_CLASS_2
037C: 7F       RET                      (0173)     ret
                                        (0174) 
                                        (0175) AREA InterruptRAM(ram, rel)
                                        (0176) 
                                        (0177) NO_SHADOW:
                                        (0178) _NO_SHADOW:
FILE: C:\Users\msp72\DOCUME~1\GitHub\ECEC30~1\LAB2G\LAB2G\main.c
(0001) //----------------------------------------------------------------------------
(0002) // C main line
(0003) //----------------------------------------------------------------------------
(0004) 
(0005) #include <m8c.h>        // part specific constants and macros
(0006) #include "PSoCAPI.h"    // PSoC API definitions for all User Modules
(0007) 
(0008) extern unsigned char bShadow = 0;
(0009) extern unsigned char bCount = 0;
(0010) 
(0011) void main(void){
(0012) 	PRT1DR = 0;
__text_start|_main|_main:
    037D: 62 04 00 MOV   REG[0x4],0x0
(0013) 	INT_MSK0 |= 0x40;
    0380: 43 E0 40 OR    REG[0xE0],0x40
(0014) 	OSC_CR0  &= ~0x18;
    0383: 71 10    OR    F,0x10
    0385: 41 E0 E7 AND   REG[0xE0],0xE7
(0015) 	OSC_CR0  |= 0x08;
    0388: 43 E0 08 OR    REG[0xE0],0x8
(0016) 	M8C_EnableGInt;
    038B: 71 01    OR    F,0x1
    038D: 70 CF    AND   F,0xCF
    038F: 80 5B    JMP   0x03EB
(0017) 	while(1){
(0018) 		PRT1DR = 0x0F;
    0391: 62 04 0F MOV   REG[0x4],0xF
(0019) 		bCount = 255;
    0394: 62 D0 00 MOV   REG[0xD0],0x0
    0397: 55 02 FF MOV   [bCount],0xFF
(0020) 		while(bCount > 0){
(0021) 		}
    039A: 62 D0 00 MOV   REG[0xD0],0x0
    039D: 50 00    MOV   A,0x0
    039F: 3A 02    CMP   A,[bCount]
    03A1: CF F8    JC    0x039A
(0022) 		PRT1DR = 0x07;
    03A3: 62 04 07 MOV   REG[0x4],0x7
(0023) 		bCount = 192;
    03A6: 62 D0 00 MOV   REG[0xD0],0x0
    03A9: 55 02 C0 MOV   [bCount],0xC0
(0024) 		while(bCount > 0){
(0025) 		}
    03AC: 62 D0 00 MOV   REG[0xD0],0x0
    03AF: 50 00    MOV   A,0x0
    03B1: 3A 02    CMP   A,[bCount]
    03B3: CF F8    JC    0x03AC
(0026) 		PRT1DR = 0x03;
    03B5: 62 04 03 MOV   REG[0x4],0x3
(0027) 		bCount = 128;
    03B8: 62 D0 00 MOV   REG[0xD0],0x0
    03BB: 55 02 80 MOV   [bCount],0x80
(0028) 		while(bCount > 0){
(0029) 		}
    03BE: 62 D0 00 MOV   REG[0xD0],0x0
    03C1: 50 00    MOV   A,0x0
    03C3: 3A 02    CMP   A,[bCount]
    03C5: CF F8    JC    0x03BE
(0030) 		PRT1DR = 0x01;
    03C7: 62 04 01 MOV   REG[0x4],0x1
(0031) 		bCount = 64;
    03CA: 62 D0 00 MOV   REG[0xD0],0x0
    03CD: 55 02 40 MOV   [bCount],0x40
(0032) 		while(bCount > 0){
(0033) 		}
    03D0: 62 D0 00 MOV   REG[0xD0],0x0
    03D3: 50 00    MOV   A,0x0
    03D5: 3A 02    CMP   A,[bCount]
    03D7: CF F8    JC    0x03D0
(0034) 		PRT1DR = 0x00;
    03D9: 62 04 00 MOV   REG[0x4],0x0
(0035) 		bCount = 32;
    03DC: 62 D0 00 MOV   REG[0xD0],0x0
    03DF: 55 02 20 MOV   [bCount],0x20
(0036) 		while(bCount > 0){
(0037) 		}
    03E2: 62 D0 00 MOV   REG[0xD0],0x0
    03E5: 50 00    MOV   A,0x0
    03E7: 3A 02    CMP   A,[bCount]
    03E9: CF F8    JC    0x03E2
(0038) 	}
    03EB: 8F A5    JMP   0x0391
(0039) }    03ED: 8F FF    JMP   0x03ED
