 0000                   cpu LMM
                        .module main.c
                        .area text(rom, con, rel)
 0000                   .dbfile ./main.c
                        .area data(ram, con, rel)
 0000                   .dbfile ./main.c
 0000           _bShadow::
 0000 00                .byte 0
 0001                   .dbfile C:\Users\msp72\DOCUME~1\GitHub\ECEC30~1\LAB2D\LAB2D\main.c
 0001                   .dbsym e bShadow _bShadow c
                        .area data(ram, con, rel)
 0000                   .dbfile C:\Users\msp72\DOCUME~1\GitHub\ECEC30~1\LAB2D\LAB2D\main.c
                        .area text(rom, con, rel)
 0000                   .dbfile C:\Users\msp72\DOCUME~1\GitHub\ECEC30~1\LAB2D\LAB2D\main.c
 0000                   .dbfunc e main _main fV
 0000           _main::
 0000                   .dbline -1
 0000                   .dbline 10
 0000           ; //----------------------------------------------------------------------------
 0000           ; // C main line
 0000           ; //----------------------------------------------------------------------------
 0000           ; 
 0000           ; #include <m8c.h>        // part specific constants and macros
 0000           ; #include "PSoCAPI.h"    // PSoC API definitions for all User Modules
 0000           ; 
 0000           ; extern unsigned char bShadow = 0;
 0000           ; 
 0000           ; void main(void){
 0000                   .dbline 12
 0000           ; 
 0000           ; PRT1DR = 0;
 0000 620400            mov REG[0x4],0
 0003                   .dbline 13
 0003           ; INT_MSK0 |= 0x40;
 0003 43E040            or REG[0xe0],64
 0006                   .dbline 14
 0006           ; M8C_EnableGInt;
 0006 7101                      or  F, 01h
 0008           
 0008           L2:
 0008                   .dbline 15
 0008           ; while(1){
 0008                   .dbline 16
 0008           ;       }
 0008           L3:
 0008                   .dbline 15
 0008 8FFF              xjmp L2
 000A           X0:
 000A                   .dbline -2
 000A           L1:
 000A                   .dbline 0 ; func end
 000A 8FFF              jmp .
 000C                   .dbend
