 0000                   cpu LMM
                        .module main.c
                        .area text(rom, con, rel)
 0000                   .dbfile ./main.c
                        .area data(ram, con, rel)
 0000                   .dbfile ./main.c
 0000           _bShadow::
 0000 00                .byte 0
 0001                   .dbfile C:\Users\msp72\DOCUME~1\GitHub\ECEC30~1\LAB2B\LAB2B\main.c
 0001                   .dbsym e bShadow _bShadow c
                        .area data(ram, con, rel)
 0000                   .dbfile C:\Users\msp72\DOCUME~1\GitHub\ECEC30~1\LAB2B\LAB2B\main.c
                        .area text(rom, con, rel)
 0000                   .dbfile C:\Users\msp72\DOCUME~1\GitHub\ECEC30~1\LAB2B\LAB2B\main.c
 0000                   .dbfunc e main _main fV
 0000           _main::
 0000                   .dbline -1
 0000                   .dbline 10
 0000           ; //----------------------------------------------------------------------------
 0000           ; // C main line
 0000           ; //----------------------------------------------------------------------------
 0000           ; 
 0000           ; #include <m8c.h>        // part specific constants and macros
 0000           ; #include "PSoCAPI.h"    // PSoC API definitions for all User Modules
 0000           ; 
 0000           ; extern unsigned char bShadow = 0;
 0000           ; 
 0000           ; void main(void){
 0000                   .dbline 11
 0000           ;       PRT1DR = 0; //Zeroes out Port 1
 0000 620400            mov REG[0x4],0
 0003                   .dbline 12
 0003           ;       INT_MSK0 |= 0x40;//allows sleep mode to be put into sleep
 0003 43E040            or REG[0xe0],64
 0006                   .dbline 14
 0006           ;       //Sets the sleep timer frequency to 8Hz
 0006           ;       OSC_CR0 &= ~0x18;
 0006 7110              or F,0x10  ; iopage = 1
 0008 41E0E7            and REG[0xe0],-25
 000B                   .dbline 15
 000B           ;       OSC_CR0 |= 0x10;
 000B 43E010            or REG[0xe0],16
 000E                   .dbline 18
 000E           ;       //These 3 ports set the drive modes of the pins\
 000E           ;       //DM[210] = 001 sets the drive mode to strong.
 000E           ;       PRT1DM0 = 0x0F; //DM0[0-3] = 1
 000E 62040F            mov REG[0x4],15
 0011                   .dbline 19
 0011           ;       PRT1DM1 = 0x00; //DM1[0-3] = 0
 0011 620500            mov REG[0x5],0
 0014                   .dbline 20
 0014           ;       PRT1DM2 = 0x00; //DM1[0-3] = 0
 0014 70CF              and F,0xCF      ; iopage = 0
 0016 620700            mov REG[0x7],0
 0019 8010              xjmp L3
 001B           L2:
 001B                   .dbline 24
 001B           ;       
 001B           ;       
 001B           ; 
 001B           ;       while(1){
 001B                   .dbline 25
 001B           ;               CPU_SCR0 |= 0x08; //Puts the chip into sleep mode
 001B 43FF08            or REG[0xff],8
 001E                   .dbline 26
 001E           ;               INT_CLR0 = INT_CLR0 & ~0x40; //clear it
 001E 41DABF            and REG[0xda],-65
 0021                   .dbline 27
 0021           ;               bShadow++;
 0021 62D000            mov REG[0xd0],>_bShadow
 0024 7600              inc [_bShadow]
 0026                   .dbline 28
 0026           ;               PRT1DR = bShadow;               
 0026 5100              mov A,[_bShadow]
 0028 6004              mov REG[0x4],A
 002A                   .dbline 29
 002A           ;       }
 002A           L3:
 002A                   .dbline 24
 002A 8FF0              xjmp L2
 002C           X0:
 002C                   .dbline -2
 002C           L1:
 002C                   .dbline 0 ; func end
 002C 8FFF              jmp .
 002E                   .dbend
